<?xml version="1.0" encoding="UTF-8"?>
<testsuites>
  <testsuite name="" tests="42" assertions="205" errors="0" warnings="0" failures="0" skipped="0" time="0.954519">
    <testsuite name="Feature" tests="42" assertions="205" errors="0" warnings="0" failures="0" skipped="0" time="0.954519">
      <testsuite name="Tests\Feature\BooksListTest" file="C:\laragon\www\vandar1\tests\Feature\BookListTest.php" tests="7" assertions="100" errors="0" warnings="0" failures="0" skipped="0" time="0.450975">
        <testcase name="testResponseStructure" class="Tests\Feature\BooksListTest" classname="Tests.Feature.BooksListTest" file="C:\laragon\www\vandar1\tests\Feature\BookListTest.php" line="14" assertions="76" time="0.301259"/>
        <testcase name="testListWithoutFilters" class="Tests\Feature\BooksListTest" classname="Tests.Feature.BooksListTest" file="C:\laragon\www\vandar1\tests\Feature\BookListTest.php" line="72" assertions="2" time="0.036347"/>
        <testcase name="testTitleFilter" class="Tests\Feature\BooksListTest" classname="Tests.Feature.BooksListTest" file="C:\laragon\www\vandar1\tests\Feature\BookListTest.php" line="92" assertions="4" time="0.018276"/>
        <testcase name="testAuthorsFilter" class="Tests\Feature\BooksListTest" classname="Tests.Feature.BooksListTest" file="C:\laragon\www\vandar1\tests\Feature\BookListTest.php" line="109" assertions="6" time="0.022168"/>
        <testcase name="testTitleSort" class="Tests\Feature\BooksListTest" classname="Tests.Feature.BooksListTest" file="C:\laragon\www\vandar1\tests\Feature\BookListTest.php" line="139" assertions="4" time="0.018993"/>
        <testcase name="testAvgReviewSort" class="Tests\Feature\BooksListTest" classname="Tests.Feature.BooksListTest" file="C:\laragon\www\vandar1\tests\Feature\BookListTest.php" line="157" assertions="4" time="0.020308"/>
        <testcase name="testPagination" class="Tests\Feature\BooksListTest" classname="Tests.Feature.BooksListTest" file="C:\laragon\www\vandar1\tests\Feature\BookListTest.php" line="189" assertions="4" time="0.033624"/>
      </testsuite>
      <testsuite name="Tests\Feature\BookPostTest" file="C:\laragon\www\vandar1\tests\Feature\BookPostTest.php" tests="24" assertions="71" errors="0" warnings="0" failures="0" skipped="0" time="0.344762">
        <testcase name="testDenyGuestAccess" class="Tests\Feature\BookPostTest" classname="Tests.Feature.BookPostTest" file="C:\laragon\www\vandar1\tests\Feature\BookPostTest.php" line="13" assertions="1" time="0.014546"/>
        <testcase name="testDenyNonAdminUserAccess" class="Tests\Feature\BookPostTest" classname="Tests.Feature.BookPostTest" file="C:\laragon\www\vandar1\tests\Feature\BookPostTest.php" line="27" assertions="1" time="0.014717"/>
        <testcase name="testSuccessfulPost" class="Tests\Feature\BookPostTest" classname="Tests.Feature.BookPostTest" file="C:\laragon\www\vandar1\tests\Feature\BookPostTest.php" line="44" assertions="6" time="0.018796"/>
        <testsuite name="Tests\Feature\BookPostTest::testValidation" tests="21" assertions="63" errors="0" warnings="0" failures="0" skipped="0" time="0.296703">
          <testcase name="testValidation with data set #0" class="Tests\Feature\BookPostTest" classname="Tests.Feature.BookPostTest" file="C:\laragon\www\vandar1\tests\Feature\BookPostTest.php" line="72" assertions="3" time="0.014700"/>
          <testcase name="testValidation with data set #1" class="Tests\Feature\BookPostTest" classname="Tests.Feature.BookPostTest" file="C:\laragon\www\vandar1\tests\Feature\BookPostTest.php" line="72" assertions="3" time="0.015474"/>
          <testcase name="testValidation with data set #2" class="Tests\Feature\BookPostTest" classname="Tests.Feature.BookPostTest" file="C:\laragon\www\vandar1\tests\Feature\BookPostTest.php" line="72" assertions="3" time="0.013502"/>
          <testcase name="testValidation with data set #3" class="Tests\Feature\BookPostTest" classname="Tests.Feature.BookPostTest" file="C:\laragon\www\vandar1\tests\Feature\BookPostTest.php" line="72" assertions="3" time="0.013016"/>
          <testcase name="testValidation with data set #4" class="Tests\Feature\BookPostTest" classname="Tests.Feature.BookPostTest" file="C:\laragon\www\vandar1\tests\Feature\BookPostTest.php" line="72" assertions="3" time="0.013058"/>
          <testcase name="testValidation with data set #5" class="Tests\Feature\BookPostTest" classname="Tests.Feature.BookPostTest" file="C:\laragon\www\vandar1\tests\Feature\BookPostTest.php" line="72" assertions="3" time="0.013133"/>
          <testcase name="testValidation with data set #6" class="Tests\Feature\BookPostTest" classname="Tests.Feature.BookPostTest" file="C:\laragon\www\vandar1\tests\Feature\BookPostTest.php" line="72" assertions="3" time="0.012815"/>
          <testcase name="testValidation with data set #7" class="Tests\Feature\BookPostTest" classname="Tests.Feature.BookPostTest" file="C:\laragon\www\vandar1\tests\Feature\BookPostTest.php" line="72" assertions="3" time="0.013245"/>
          <testcase name="testValidation with data set #8" class="Tests\Feature\BookPostTest" classname="Tests.Feature.BookPostTest" file="C:\laragon\www\vandar1\tests\Feature\BookPostTest.php" line="72" assertions="3" time="0.013142"/>
          <testcase name="testValidation with data set #9" class="Tests\Feature\BookPostTest" classname="Tests.Feature.BookPostTest" file="C:\laragon\www\vandar1\tests\Feature\BookPostTest.php" line="72" assertions="3" time="0.013181"/>
          <testcase name="testValidation with data set #10" class="Tests\Feature\BookPostTest" classname="Tests.Feature.BookPostTest" file="C:\laragon\www\vandar1\tests\Feature\BookPostTest.php" line="72" assertions="3" time="0.013330"/>
          <testcase name="testValidation with data set #11" class="Tests\Feature\BookPostTest" classname="Tests.Feature.BookPostTest" file="C:\laragon\www\vandar1\tests\Feature\BookPostTest.php" line="72" assertions="3" time="0.017429"/>
          <testcase name="testValidation with data set #12" class="Tests\Feature\BookPostTest" classname="Tests.Feature.BookPostTest" file="C:\laragon\www\vandar1\tests\Feature\BookPostTest.php" line="72" assertions="3" time="0.021651"/>
          <testcase name="testValidation with data set #13" class="Tests\Feature\BookPostTest" classname="Tests.Feature.BookPostTest" file="C:\laragon\www\vandar1\tests\Feature\BookPostTest.php" line="72" assertions="3" time="0.014688"/>
          <testcase name="testValidation with data set #14" class="Tests\Feature\BookPostTest" classname="Tests.Feature.BookPostTest" file="C:\laragon\www\vandar1\tests\Feature\BookPostTest.php" line="72" assertions="3" time="0.013873"/>
          <testcase name="testValidation with data set #15" class="Tests\Feature\BookPostTest" classname="Tests.Feature.BookPostTest" file="C:\laragon\www\vandar1\tests\Feature\BookPostTest.php" line="72" assertions="3" time="0.013867"/>
          <testcase name="testValidation with data set #16" class="Tests\Feature\BookPostTest" classname="Tests.Feature.BookPostTest" file="C:\laragon\www\vandar1\tests\Feature\BookPostTest.php" line="72" assertions="3" time="0.013483"/>
          <testcase name="testValidation with data set #17" class="Tests\Feature\BookPostTest" classname="Tests.Feature.BookPostTest" file="C:\laragon\www\vandar1\tests\Feature\BookPostTest.php" line="72" assertions="3" time="0.013490"/>
          <testcase name="testValidation with data set #18" class="Tests\Feature\BookPostTest" classname="Tests.Feature.BookPostTest" file="C:\laragon\www\vandar1\tests\Feature\BookPostTest.php" line="72" assertions="3" time="0.013737"/>
          <testcase name="testValidation with data set #19" class="Tests\Feature\BookPostTest" classname="Tests.Feature.BookPostTest" file="C:\laragon\www\vandar1\tests\Feature\BookPostTest.php" line="72" assertions="3" time="0.013055"/>
          <testcase name="testValidation with data set #20" class="Tests\Feature\BookPostTest" classname="Tests.Feature.BookPostTest" file="C:\laragon\www\vandar1\tests\Feature\BookPostTest.php" line="72" assertions="3" time="0.012836"/>
        </testsuite>
      </testsuite>
      <testsuite name="Tests\Feature\BookReviewTest" file="C:\laragon\www\vandar1\tests\Feature\BookReviewTest.php" tests="11" assertions="34" errors="0" warnings="0" failures="0" skipped="0" time="0.158782">
        <testcase name="testDenyGuestAccess" class="Tests\Feature\BookReviewTest" classname="Tests.Feature.BookReviewTest" file="C:\laragon\www\vandar1\tests\Feature\BookReviewTest.php" line="14" assertions="1" time="0.016849"/>
        <testcase name="testSuccessfulPost" class="Tests\Feature\BookReviewTest" classname="Tests.Feature.BookReviewTest" file="C:\laragon\www\vandar1\tests\Feature\BookReviewTest.php" line="26" assertions="6" time="0.017121"/>
        <testsuite name="Tests\Feature\BookReviewTest::testValidation" tests="9" assertions="27" errors="0" warnings="0" failures="0" skipped="0" time="0.124813">
          <testcase name="testValidation with data set #0" class="Tests\Feature\BookReviewTest" classname="Tests.Feature.BookReviewTest" file="C:\laragon\www\vandar1\tests\Feature\BookReviewTest.php" line="65" assertions="3" time="0.017730"/>
          <testcase name="testValidation with data set #1" class="Tests\Feature\BookReviewTest" classname="Tests.Feature.BookReviewTest" file="C:\laragon\www\vandar1\tests\Feature\BookReviewTest.php" line="65" assertions="3" time="0.013064"/>
          <testcase name="testValidation with data set #2" class="Tests\Feature\BookReviewTest" classname="Tests.Feature.BookReviewTest" file="C:\laragon\www\vandar1\tests\Feature\BookReviewTest.php" line="65" assertions="3" time="0.012731"/>
          <testcase name="testValidation with data set #3" class="Tests\Feature\BookReviewTest" classname="Tests.Feature.BookReviewTest" file="C:\laragon\www\vandar1\tests\Feature\BookReviewTest.php" line="65" assertions="3" time="0.012799"/>
          <testcase name="testValidation with data set #4" class="Tests\Feature\BookReviewTest" classname="Tests.Feature.BookReviewTest" file="C:\laragon\www\vandar1\tests\Feature\BookReviewTest.php" line="65" assertions="3" time="0.013703"/>
          <testcase name="testValidation with data set #5" class="Tests\Feature\BookReviewTest" classname="Tests.Feature.BookReviewTest" file="C:\laragon\www\vandar1\tests\Feature\BookReviewTest.php" line="65" assertions="3" time="0.015415"/>
          <testcase name="testValidation with data set #6" class="Tests\Feature\BookReviewTest" classname="Tests.Feature.BookReviewTest" file="C:\laragon\www\vandar1\tests\Feature\BookReviewTest.php" line="65" assertions="3" time="0.013409"/>
          <testcase name="testValidation with data set #7" class="Tests\Feature\BookReviewTest" classname="Tests.Feature.BookReviewTest" file="C:\laragon\www\vandar1\tests\Feature\BookReviewTest.php" line="65" assertions="3" time="0.012972"/>
          <testcase name="testValidation with data set #8" class="Tests\Feature\BookReviewTest" classname="Tests.Feature.BookReviewTest" file="C:\laragon\www\vandar1\tests\Feature\BookReviewTest.php" line="65" assertions="3" time="0.012990"/>
        </testsuite>
      </testsuite>
    </testsuite>
  </testsuite>
</testsuites>
