<?xml version="1.0" encoding="UTF-8"?>
<testsuites>
  <testsuite name="" tests="42" assertions="205" errors="0" warnings="0" failures="0" skipped="0" time="2.111402">
    <testsuite name="Feature" tests="42" assertions="205" errors="0" warnings="0" failures="0" skipped="0" time="2.111402">
      <testsuite name="Tests\Feature\BooksListTest" file="/home/mohamadhasanatefat/Desktop/BookStrore/tests/Feature/BookListTest.php" tests="7" assertions="100" errors="0" warnings="0" failures="0" skipped="0" time="0.824350">
        <testcase name="testResponseStructure" class="Tests\Feature\BooksListTest" classname="Tests.Feature.BooksListTest" file="/home/mohamadhasanatefat/Desktop/BookStrore/tests/Feature/BookListTest.php" line="14" assertions="76" time="0.431430"/>
        <testcase name="testListWithoutFilters" class="Tests\Feature\BooksListTest" classname="Tests.Feature.BooksListTest" file="/home/mohamadhasanatefat/Desktop/BookStrore/tests/Feature/BookListTest.php" line="72" assertions="2" time="0.079081"/>
        <testcase name="testTitleFilter" class="Tests\Feature\BooksListTest" classname="Tests.Feature.BooksListTest" file="/home/mohamadhasanatefat/Desktop/BookStrore/tests/Feature/BookListTest.php" line="92" assertions="4" time="0.043574"/>
        <testcase name="testAuthorsFilter" class="Tests\Feature\BooksListTest" classname="Tests.Feature.BooksListTest" file="/home/mohamadhasanatefat/Desktop/BookStrore/tests/Feature/BookListTest.php" line="109" assertions="6" time="0.057790"/>
        <testcase name="testTitleSort" class="Tests\Feature\BooksListTest" classname="Tests.Feature.BooksListTest" file="/home/mohamadhasanatefat/Desktop/BookStrore/tests/Feature/BookListTest.php" line="139" assertions="4" time="0.042675"/>
        <testcase name="testAvgReviewSort" class="Tests\Feature\BooksListTest" classname="Tests.Feature.BooksListTest" file="/home/mohamadhasanatefat/Desktop/BookStrore/tests/Feature/BookListTest.php" line="157" assertions="4" time="0.055173"/>
        <testcase name="testPagination" class="Tests\Feature\BooksListTest" classname="Tests.Feature.BooksListTest" file="/home/mohamadhasanatefat/Desktop/BookStrore/tests/Feature/BookListTest.php" line="189" assertions="4" time="0.114628"/>
      </testsuite>
      <testsuite name="Tests\Feature\BookPostTest" file="/home/mohamadhasanatefat/Desktop/BookStrore/tests/Feature/BookPostTest.php" tests="24" assertions="71" errors="0" warnings="0" failures="0" skipped="0" time="0.840794">
        <testcase name="testDenyGuestAccess" class="Tests\Feature\BookPostTest" classname="Tests.Feature.BookPostTest" file="/home/mohamadhasanatefat/Desktop/BookStrore/tests/Feature/BookPostTest.php" line="13" assertions="1" time="0.038731"/>
        <testcase name="testDenyNonAdminUserAccess" class="Tests\Feature\BookPostTest" classname="Tests.Feature.BookPostTest" file="/home/mohamadhasanatefat/Desktop/BookStrore/tests/Feature/BookPostTest.php" line="27" assertions="1" time="0.033489"/>
        <testcase name="testSuccessfulPost" class="Tests\Feature\BookPostTest" classname="Tests.Feature.BookPostTest" file="/home/mohamadhasanatefat/Desktop/BookStrore/tests/Feature/BookPostTest.php" line="44" assertions="6" time="0.056774"/>
        <testsuite name="Tests\Feature\BookPostTest::testValidation" tests="21" assertions="63" errors="0" warnings="0" failures="0" skipped="0" time="0.711800">
          <testcase name="testValidation with data set #0" class="Tests\Feature\BookPostTest" classname="Tests.Feature.BookPostTest" file="/home/mohamadhasanatefat/Desktop/BookStrore/tests/Feature/BookPostTest.php" line="72" assertions="3" time="0.034307"/>
          <testcase name="testValidation with data set #1" class="Tests\Feature\BookPostTest" classname="Tests.Feature.BookPostTest" file="/home/mohamadhasanatefat/Desktop/BookStrore/tests/Feature/BookPostTest.php" line="72" assertions="3" time="0.033320"/>
          <testcase name="testValidation with data set #2" class="Tests\Feature\BookPostTest" classname="Tests.Feature.BookPostTest" file="/home/mohamadhasanatefat/Desktop/BookStrore/tests/Feature/BookPostTest.php" line="72" assertions="3" time="0.033897"/>
          <testcase name="testValidation with data set #3" class="Tests\Feature\BookPostTest" classname="Tests.Feature.BookPostTest" file="/home/mohamadhasanatefat/Desktop/BookStrore/tests/Feature/BookPostTest.php" line="72" assertions="3" time="0.033736"/>
          <testcase name="testValidation with data set #4" class="Tests\Feature\BookPostTest" classname="Tests.Feature.BookPostTest" file="/home/mohamadhasanatefat/Desktop/BookStrore/tests/Feature/BookPostTest.php" line="72" assertions="3" time="0.032617"/>
          <testcase name="testValidation with data set #5" class="Tests\Feature\BookPostTest" classname="Tests.Feature.BookPostTest" file="/home/mohamadhasanatefat/Desktop/BookStrore/tests/Feature/BookPostTest.php" line="72" assertions="3" time="0.034496"/>
          <testcase name="testValidation with data set #6" class="Tests\Feature\BookPostTest" classname="Tests.Feature.BookPostTest" file="/home/mohamadhasanatefat/Desktop/BookStrore/tests/Feature/BookPostTest.php" line="72" assertions="3" time="0.032849"/>
          <testcase name="testValidation with data set #7" class="Tests\Feature\BookPostTest" classname="Tests.Feature.BookPostTest" file="/home/mohamadhasanatefat/Desktop/BookStrore/tests/Feature/BookPostTest.php" line="72" assertions="3" time="0.033638"/>
          <testcase name="testValidation with data set #8" class="Tests\Feature\BookPostTest" classname="Tests.Feature.BookPostTest" file="/home/mohamadhasanatefat/Desktop/BookStrore/tests/Feature/BookPostTest.php" line="72" assertions="3" time="0.033419"/>
          <testcase name="testValidation with data set #9" class="Tests\Feature\BookPostTest" classname="Tests.Feature.BookPostTest" file="/home/mohamadhasanatefat/Desktop/BookStrore/tests/Feature/BookPostTest.php" line="72" assertions="3" time="0.034652"/>
          <testcase name="testValidation with data set #10" class="Tests\Feature\BookPostTest" classname="Tests.Feature.BookPostTest" file="/home/mohamadhasanatefat/Desktop/BookStrore/tests/Feature/BookPostTest.php" line="72" assertions="3" time="0.032898"/>
          <testcase name="testValidation with data set #11" class="Tests\Feature\BookPostTest" classname="Tests.Feature.BookPostTest" file="/home/mohamadhasanatefat/Desktop/BookStrore/tests/Feature/BookPostTest.php" line="72" assertions="3" time="0.043165"/>
          <testcase name="testValidation with data set #12" class="Tests\Feature\BookPostTest" classname="Tests.Feature.BookPostTest" file="/home/mohamadhasanatefat/Desktop/BookStrore/tests/Feature/BookPostTest.php" line="72" assertions="3" time="0.035168"/>
          <testcase name="testValidation with data set #13" class="Tests\Feature\BookPostTest" classname="Tests.Feature.BookPostTest" file="/home/mohamadhasanatefat/Desktop/BookStrore/tests/Feature/BookPostTest.php" line="72" assertions="3" time="0.033706"/>
          <testcase name="testValidation with data set #14" class="Tests\Feature\BookPostTest" classname="Tests.Feature.BookPostTest" file="/home/mohamadhasanatefat/Desktop/BookStrore/tests/Feature/BookPostTest.php" line="72" assertions="3" time="0.031148"/>
          <testcase name="testValidation with data set #15" class="Tests\Feature\BookPostTest" classname="Tests.Feature.BookPostTest" file="/home/mohamadhasanatefat/Desktop/BookStrore/tests/Feature/BookPostTest.php" line="72" assertions="3" time="0.034890"/>
          <testcase name="testValidation with data set #16" class="Tests\Feature\BookPostTest" classname="Tests.Feature.BookPostTest" file="/home/mohamadhasanatefat/Desktop/BookStrore/tests/Feature/BookPostTest.php" line="72" assertions="3" time="0.033101"/>
          <testcase name="testValidation with data set #17" class="Tests\Feature\BookPostTest" classname="Tests.Feature.BookPostTest" file="/home/mohamadhasanatefat/Desktop/BookStrore/tests/Feature/BookPostTest.php" line="72" assertions="3" time="0.036527"/>
          <testcase name="testValidation with data set #18" class="Tests\Feature\BookPostTest" classname="Tests.Feature.BookPostTest" file="/home/mohamadhasanatefat/Desktop/BookStrore/tests/Feature/BookPostTest.php" line="72" assertions="3" time="0.027140"/>
          <testcase name="testValidation with data set #19" class="Tests\Feature\BookPostTest" classname="Tests.Feature.BookPostTest" file="/home/mohamadhasanatefat/Desktop/BookStrore/tests/Feature/BookPostTest.php" line="72" assertions="3" time="0.033865"/>
          <testcase name="testValidation with data set #20" class="Tests\Feature\BookPostTest" classname="Tests.Feature.BookPostTest" file="/home/mohamadhasanatefat/Desktop/BookStrore/tests/Feature/BookPostTest.php" line="72" assertions="3" time="0.033258"/>
        </testsuite>
      </testsuite>
      <testsuite name="Tests\Feature\BookReviewTest" file="/home/mohamadhasanatefat/Desktop/BookStrore/tests/Feature/BookReviewTest.php" tests="11" assertions="34" errors="0" warnings="0" failures="0" skipped="0" time="0.446258">
        <testcase name="testDenyGuestAccess" class="Tests\Feature\BookReviewTest" classname="Tests.Feature.BookReviewTest" file="/home/mohamadhasanatefat/Desktop/BookStrore/tests/Feature/BookReviewTest.php" line="14" assertions="1" time="0.029959"/>
        <testcase name="testSuccessfulPost" class="Tests\Feature\BookReviewTest" classname="Tests.Feature.BookReviewTest" file="/home/mohamadhasanatefat/Desktop/BookStrore/tests/Feature/BookReviewTest.php" line="26" assertions="6" time="0.049089"/>
        <testsuite name="Tests\Feature\BookReviewTest::testValidation" tests="9" assertions="27" errors="0" warnings="0" failures="0" skipped="0" time="0.367210">
          <testcase name="testValidation with data set #0" class="Tests\Feature\BookReviewTest" classname="Tests.Feature.BookReviewTest" file="/home/mohamadhasanatefat/Desktop/BookStrore/tests/Feature/BookReviewTest.php" line="65" assertions="3" time="0.034640"/>
          <testcase name="testValidation with data set #1" class="Tests\Feature\BookReviewTest" classname="Tests.Feature.BookReviewTest" file="/home/mohamadhasanatefat/Desktop/BookStrore/tests/Feature/BookReviewTest.php" line="65" assertions="3" time="0.035532"/>
          <testcase name="testValidation with data set #2" class="Tests\Feature\BookReviewTest" classname="Tests.Feature.BookReviewTest" file="/home/mohamadhasanatefat/Desktop/BookStrore/tests/Feature/BookReviewTest.php" line="65" assertions="3" time="0.053342"/>
          <testcase name="testValidation with data set #3" class="Tests\Feature\BookReviewTest" classname="Tests.Feature.BookReviewTest" file="/home/mohamadhasanatefat/Desktop/BookStrore/tests/Feature/BookReviewTest.php" line="65" assertions="3" time="0.060532"/>
          <testcase name="testValidation with data set #4" class="Tests\Feature\BookReviewTest" classname="Tests.Feature.BookReviewTest" file="/home/mohamadhasanatefat/Desktop/BookStrore/tests/Feature/BookReviewTest.php" line="65" assertions="3" time="0.056634"/>
          <testcase name="testValidation with data set #5" class="Tests\Feature\BookReviewTest" classname="Tests.Feature.BookReviewTest" file="/home/mohamadhasanatefat/Desktop/BookStrore/tests/Feature/BookReviewTest.php" line="65" assertions="3" time="0.033973"/>
          <testcase name="testValidation with data set #6" class="Tests\Feature\BookReviewTest" classname="Tests.Feature.BookReviewTest" file="/home/mohamadhasanatefat/Desktop/BookStrore/tests/Feature/BookReviewTest.php" line="65" assertions="3" time="0.029968"/>
          <testcase name="testValidation with data set #7" class="Tests\Feature\BookReviewTest" classname="Tests.Feature.BookReviewTest" file="/home/mohamadhasanatefat/Desktop/BookStrore/tests/Feature/BookReviewTest.php" line="65" assertions="3" time="0.030466"/>
          <testcase name="testValidation with data set #8" class="Tests\Feature\BookReviewTest" classname="Tests.Feature.BookReviewTest" file="/home/mohamadhasanatefat/Desktop/BookStrore/tests/Feature/BookReviewTest.php" line="65" assertions="3" time="0.032122"/>
        </testsuite>
      </testsuite>
    </testsuite>
  </testsuite>
</testsuites>
